D:\ARDRONE_SDK\ARDRONE_SDK\EXAMPLES\WIN32\VCPROJECTS\ARDRONE\DEBUG\ARDRONEDLL.DLL
D:\ARDrone_SDK\ARDrone_SDK\Examples\Win32\VCProjects\ARDrone\Debug\ARDroneDLL.exp
D:\ARDRONE_SDK\ARDRONE_SDK\EXAMPLES\WIN32\VCPROJECTS\ARDRONE\DEBUG\ARDRONEDLL.ILK
D:\ARDrone_SDK\ARDrone_SDK\Examples\Win32\VCProjects\ARDrone\Debug\ARDroneDLL.lib
D:\ARDRONE_SDK\ARDRONE_SDK\EXAMPLES\WIN32\VCPROJECTS\ARDRONE\DEBUG\ARDRONEDLL.PDB
D:\ARDRONE_SDK\ARDRONE_SDK\EXAMPLES\WIN32\VCPROJECTS\ARDRONE\WIN32CLIENT\DEBUG\ARDRONE_TOOL_WIN32.OBJ
D:\ARDRONE_SDK\ARDRONE_SDK\EXAMPLES\WIN32\VCPROJECTS\ARDRONE\WIN32CLIENT\DEBUG\ARDRONEDLL.DLL.EMBED.MANIFEST
D:\ARDRONE_SDK\ARDRONE_SDK\EXAMPLES\WIN32\VCPROJECTS\ARDRONE\WIN32CLIENT\DEBUG\ARDRONEDLL.DLL.EMBED.MANIFEST.RES
D:\ARDRONE_SDK\ARDRONE_SDK\EXAMPLES\WIN32\VCPROJECTS\ARDRONE\WIN32CLIENT\DEBUG\ARDRONEDLL.DLL.INTERMEDIATE.MANIFEST
D:\ARDrone_SDK\ARDrone_SDK\Examples\Win32\VCProjects\ARDrone\Win32Client\Debug\ARDroneDLL.write.1.tlog
D:\ARDrone_SDK\ARDrone_SDK\Examples\Win32\VCProjects\ARDrone\Win32Client\Debug\ARDroneDLL_manifest.rc
D:\ARDrone_SDK\ARDrone_SDK\Examples\Win32\VCProjects\ARDrone\Win32Client\Debug\cl.command.1.tlog
D:\ARDrone_SDK\ARDrone_SDK\Examples\Win32\VCProjects\ARDrone\Win32Client\Debug\CL.read.1.tlog
D:\ARDrone_SDK\ARDrone_SDK\Examples\Win32\VCProjects\ARDrone\Win32Client\Debug\CL.write.1.tlog
D:\ARDRONE_SDK\ARDRONE_SDK\EXAMPLES\WIN32\VCPROJECTS\ARDRONE\WIN32CLIENT\DEBUG\CUSTOM_CODE.OBJ
D:\ARDRONE_SDK\ARDRONE_SDK\EXAMPLES\WIN32\VCPROJECTS\ARDRONE\WIN32CLIENT\DEBUG\DIRECTX_RENDERING.OBJ
D:\ARDRONE_SDK\ARDRONE_SDK\EXAMPLES\WIN32\VCPROJECTS\ARDRONE\WIN32CLIENT\DEBUG\GAMEPAD.OBJ
D:\ARDrone_SDK\ARDrone_SDK\Examples\Win32\VCProjects\ARDrone\Win32Client\Debug\link.1020.read.1.tlog
D:\ARDrone_SDK\ARDrone_SDK\Examples\Win32\VCProjects\ARDrone\Win32Client\Debug\link.1020.write.1.tlog
D:\ARDrone_SDK\ARDrone_SDK\Examples\Win32\VCProjects\ARDrone\Win32Client\Debug\link.1020-cvtres.read.1.tlog
D:\ARDrone_SDK\ARDrone_SDK\Examples\Win32\VCProjects\ARDrone\Win32Client\Debug\link.1020-cvtres.write.1.tlog
D:\ARDrone_SDK\ARDrone_SDK\Examples\Win32\VCProjects\ARDrone\Win32Client\Debug\link.command.1.tlog
D:\ARDrone_SDK\ARDrone_SDK\Examples\Win32\VCProjects\ARDrone\Win32Client\Debug\link.read.1.tlog
D:\ARDrone_SDK\ARDrone_SDK\Examples\Win32\VCProjects\ARDrone\Win32Client\Debug\link.write.1.tlog
D:\ARDrone_SDK\ARDrone_SDK\Examples\Win32\VCProjects\ARDrone\Win32Client\Debug\link-cvtres.read.1.tlog
D:\ARDrone_SDK\ARDrone_SDK\Examples\Win32\VCProjects\ARDrone\Win32Client\Debug\link-cvtres.write.1.tlog
D:\ARDrone_SDK\ARDrone_SDK\Examples\Win32\VCProjects\ARDrone\Win32Client\Debug\mt.command.1.tlog
D:\ARDrone_SDK\ARDrone_SDK\Examples\Win32\VCProjects\ARDrone\Win32Client\Debug\mt.read.1.tlog
D:\ARDrone_SDK\ARDrone_SDK\Examples\Win32\VCProjects\ARDrone\Win32Client\Debug\mt.write.1.tlog
D:\ARDRONE_SDK\ARDRONE_SDK\EXAMPLES\WIN32\VCPROJECTS\ARDRONE\WIN32CLIENT\DEBUG\NAVDATA.OBJ
D:\ARDrone_SDK\ARDrone_SDK\Examples\Win32\VCProjects\ARDrone\Win32Client\Debug\rc.command.1.tlog
D:\ARDrone_SDK\ARDrone_SDK\Examples\Win32\VCProjects\ARDrone\Win32Client\Debug\rc.read.1.tlog
D:\ARDrone_SDK\ARDrone_SDK\Examples\Win32\VCProjects\ARDrone\Win32Client\Debug\rc.write.1.tlog
D:\ARDrone_SDK\ARDrone_SDK\Examples\Win32\VCProjects\ARDrone\Win32Client\Debug\vc100.idb
D:\ARDRONE_SDK\ARDRONE_SDK\EXAMPLES\WIN32\VCPROJECTS\ARDRONE\WIN32CLIENT\DEBUG\VC100.PDB
D:\ARDRONE_SDK\ARDRONE_SDK\EXAMPLES\WIN32\VCPROJECTS\ARDRONE\WIN32CLIENT\DEBUG\VIDEO_STAGE.OBJ
