D:\ARDRONE_SDK\ARDRONE_SDK\EXAMPLES\WIN32\VCPROJECTS\ARDRONE\DEBUG\WIN32CLIENT.DLL
D:\ARDRONE_SDK\ARDRONE_SDK\EXAMPLES\WIN32\VCPROJECTS\ARDRONE\DEBUG\WIN32CLIENT.ILK
D:\ARDRONE_SDK\ARDRONE_SDK\EXAMPLES\WIN32\VCPROJECTS\ARDRONE\DEBUG\WIN32CLIENT.PDB
D:\ARDRONE_SDK\ARDRONE_SDK\EXAMPLES\WIN32\VCPROJECTS\ARDRONE\WIN32CLIENT\DEBUG\ARDRONE_TOOL_WIN32.OBJ
D:\ARDrone_SDK\ARDrone_SDK\Examples\Win32\VCProjects\ARDrone\Win32Client\Debug\cl.command.1.tlog
D:\ARDrone_SDK\ARDrone_SDK\Examples\Win32\VCProjects\ARDrone\Win32Client\Debug\CL.read.1.tlog
D:\ARDrone_SDK\ARDrone_SDK\Examples\Win32\VCProjects\ARDrone\Win32Client\Debug\CL.write.1.tlog
D:\ARDRONE_SDK\ARDRONE_SDK\EXAMPLES\WIN32\VCPROJECTS\ARDRONE\WIN32CLIENT\DEBUG\CUSTOM_CODE.OBJ
D:\ARDRONE_SDK\ARDRONE_SDK\EXAMPLES\WIN32\VCPROJECTS\ARDRONE\WIN32CLIENT\DEBUG\DIRECTX_RENDERING.OBJ
D:\ARDRONE_SDK\ARDRONE_SDK\EXAMPLES\WIN32\VCPROJECTS\ARDRONE\WIN32CLIENT\DEBUG\GAMEPAD.OBJ
D:\ARDrone_SDK\ARDrone_SDK\Examples\Win32\VCProjects\ARDrone\Win32Client\Debug\link.2536.read.1.tlog
D:\ARDrone_SDK\ARDrone_SDK\Examples\Win32\VCProjects\ARDrone\Win32Client\Debug\link.2536.write.1.tlog
D:\ARDrone_SDK\ARDrone_SDK\Examples\Win32\VCProjects\ARDrone\Win32Client\Debug\link.2536-cvtres.read.1.tlog
D:\ARDrone_SDK\ARDrone_SDK\Examples\Win32\VCProjects\ARDrone\Win32Client\Debug\link.2536-cvtres.write.1.tlog
D:\ARDrone_SDK\ARDrone_SDK\Examples\Win32\VCProjects\ARDrone\Win32Client\Debug\link.command.1.tlog
D:\ARDrone_SDK\ARDrone_SDK\Examples\Win32\VCProjects\ARDrone\Win32Client\Debug\link.read.1.tlog
D:\ARDrone_SDK\ARDrone_SDK\Examples\Win32\VCProjects\ARDrone\Win32Client\Debug\link.write.1.tlog
D:\ARDrone_SDK\ARDrone_SDK\Examples\Win32\VCProjects\ARDrone\Win32Client\Debug\link-cvtres.read.1.tlog
D:\ARDrone_SDK\ARDrone_SDK\Examples\Win32\VCProjects\ARDrone\Win32Client\Debug\link-cvtres.write.1.tlog
D:\ARDrone_SDK\ARDrone_SDK\Examples\Win32\VCProjects\ARDrone\Win32Client\Debug\mt.command.1.tlog
D:\ARDrone_SDK\ARDrone_SDK\Examples\Win32\VCProjects\ARDrone\Win32Client\Debug\mt.read.1.tlog
D:\ARDrone_SDK\ARDrone_SDK\Examples\Win32\VCProjects\ARDrone\Win32Client\Debug\mt.write.1.tlog
D:\ARDRONE_SDK\ARDRONE_SDK\EXAMPLES\WIN32\VCPROJECTS\ARDRONE\WIN32CLIENT\DEBUG\NAVDATA.OBJ
D:\ARDrone_SDK\ARDrone_SDK\Examples\Win32\VCProjects\ARDrone\Win32Client\Debug\rc.command.1.tlog
D:\ARDrone_SDK\ARDrone_SDK\Examples\Win32\VCProjects\ARDrone\Win32Client\Debug\rc.read.1.tlog
D:\ARDrone_SDK\ARDrone_SDK\Examples\Win32\VCProjects\ARDrone\Win32Client\Debug\rc.write.1.tlog
D:\ARDrone_SDK\ARDrone_SDK\Examples\Win32\VCProjects\ARDrone\Win32Client\Debug\vc100.idb
D:\ARDRONE_SDK\ARDRONE_SDK\EXAMPLES\WIN32\VCPROJECTS\ARDRONE\WIN32CLIENT\DEBUG\VC100.PDB
D:\ARDRONE_SDK\ARDRONE_SDK\EXAMPLES\WIN32\VCPROJECTS\ARDRONE\WIN32CLIENT\DEBUG\VIDEO_STAGE.OBJ
D:\ARDRONE_SDK\ARDRONE_SDK\EXAMPLES\WIN32\VCPROJECTS\ARDRONE\WIN32CLIENT\DEBUG\WIN32CLIENT.DLL.EMBED.MANIFEST
D:\ARDRONE_SDK\ARDRONE_SDK\EXAMPLES\WIN32\VCPROJECTS\ARDRONE\WIN32CLIENT\DEBUG\WIN32CLIENT.DLL.EMBED.MANIFEST.RES
D:\ARDRONE_SDK\ARDRONE_SDK\EXAMPLES\WIN32\VCPROJECTS\ARDRONE\WIN32CLIENT\DEBUG\WIN32CLIENT.DLL.INTERMEDIATE.MANIFEST
D:\ARDrone_SDK\ARDrone_SDK\Examples\Win32\VCProjects\ARDrone\Win32Client\Debug\Win32Client.write.1.tlog
D:\ARDrone_SDK\ARDrone_SDK\Examples\Win32\VCProjects\ARDrone\Win32Client\Debug\Win32Client_manifest.rc
