Build started 10/20/2010 9:35:32 PM.
     1>Project "D:\ARDrone_SDK\ARDrone_SDK\Examples\Win32\VCProjects\ARDrone\Win32Client\Win32Client.vcxproj" on node 2 (build target(s)).
     1>InitializeBuildStatus:
         Creating "Debug\ARDroneDLL.unsuccessfulbuild" because "AlwaysCreate" was specified.
       ClCompile:
         C:\Program Files\Microsoft Visual Studio 10.0\VC\bin\CL.exe /c /ID:\ARDrone_SDK\ARDrone_SDK\Examples\Win32\VCProjects\ARDrone\\Microsoft_DXUT\optional /ID:\ARDrone_SDK\ARDrone_SDK\Examples\Win32\VCProjects\ARDrone\\Microsoft_DXUT\core /ID:\ARDrone_SDK\ARDrone_SDK\Examples\Win32\VCProjects\ARDrone\ /ID:\ARDrone_SDK\ARDrone_SDK\Examples\Win32\sdk_demo\Sources /ID:\ARDrone_SDK\ARDrone_SDK\ARDroneLib\VP_SDK\VP_Com\win32 /ID:\ARDrone_SDK\ARDrone_SDK\ARDroneLib\VP_SDK\VP_Os\win32 /ID:\ARDrone_SDK\ARDrone_SDK\ARDroneLib\Soft\Lib /ID:\ARDrone_SDK\ARDrone_SDK\ARDroneLib\Soft\Common /ID:\ARDrone_SDK\ARDrone_SDK\ARDroneLib /ID:\ARDrone_SDK\ARDrone_SDK\ARDroneLib\VLIB /ID:\ARDrone_SDK\ARDrone_SDK\Examples\Win32\VCProjects\ARDrone\Win32Client\ /ID:\ARDrone_SDK\ARDrone_SDK\ARDroneLib\VP_SDK /ZI /nologo /W3 /WX- /Od /Oy- /D WIN32 /D _DEBUG /D _CONSOLE /D _WINDLL /D _UNICODE /D UNICODE /Gm /EHsc /RTC1 /MDd /GS /fp:precise /Zc:wchar_t /Zc:forScope /Fo"Debug\\" /Fd"Debug\vc100.pdb" /Gd /TC /analyze- /errorReport:prompt D:\ARDrone_SDK\ARDrone_SDK\Examples\Win32\sdk_demo\Sources\ardrone_tool_win32.c
         ardrone_tool_win32.c
     1>d:\ardrone_sdk\ardrone_sdk\examples\win32\sdk_demo\sources\ardrone_tool_win32.c(176): warning C4028: formal parameter 1 different from declaration
     1>d:\ardrone_sdk\ardrone_sdk\examples\win32\sdk_demo\sources\ardrone_tool_win32.c(176): warning C4028: formal parameter 2 different from declaration
     1>d:\ardrone_sdk\ardrone_sdk\examples\win32\sdk_demo\sources\ardrone_tool_win32.c(176): warning C4029: declared formal parameter list different from definition
     1>d:\ardrone_sdk\ardrone_sdk\examples\win32\sdk_demo\sources\ardrone_tool_win32.c(190): warning C4047: 'function' : 'int' differs in levels of indirection from 'HWND'
     1>d:\ardrone_sdk\ardrone_sdk\examples\win32\sdk_demo\sources\ardrone_tool_win32.c(190): warning C4024: 'ardrone_tool_init_custom' : different types for formal and actual parameter 1
     1>d:\ardrone_sdk\ardrone_sdk\examples\win32\sdk_demo\sources\ardrone_tool_win32.c(190): warning C4047: 'function' : 'char **' differs in levels of indirection from 'int'
     1>d:\ardrone_sdk\ardrone_sdk\examples\win32\sdk_demo\sources\ardrone_tool_win32.c(190): warning C4024: 'ardrone_tool_init_custom' : different types for formal and actual parameter 2
     1>d:\ardrone_sdk\ardrone_sdk\examples\win32\sdk_demo\sources\ardrone_tool_win32.c(190): warning C4020: 'ardrone_tool_init_custom' : too many actual parameters
         All outputs are up-to-date.
       ManifestResourceCompile:
         All outputs are up-to-date.
       Link:
         C:\Program Files\Microsoft Visual Studio 10.0\VC\bin\link.exe /ERRORREPORT:PROMPT /OUT:"D:\ARDrone_SDK\ARDrone_SDK\Examples\Win32\VCProjects\ARDrone\Debug\ARDroneDLL.dll" /INCREMENTAL /NOLOGO /LIBPATH:D:\ARDrone_SDK\ARDrone_SDK\Examples\Win32\VCProjects\ARDrone\\debug ws2_32.lib ArDroneAPI.lib dinput8.lib dxguid.lib comctl32.lib d3dx9d.lib dxerr.lib winmm.lib d3d9.lib kernel32.lib user32.lib gdi32.lib winspool.lib comdlg32.lib advapi32.lib shell32.lib ole32.lib oleaut32.lib uuid.lib odbc32.lib odbccp32.lib /DEF:"ARDroneDLL.def" /MANIFEST /ManifestFile:"Debug\ARDroneDLL.dll.intermediate.manifest" /MANIFESTUAC:"level='asInvoker' uiAccess='false'" /DEBUG /PDB:"D:\ARDrone_SDK\ARDrone_SDK\Examples\Win32\VCProjects\ARDrone\Debug\ARDroneDLL.pdb" /SUBSYSTEM:CONSOLE /TLBID:1 /DYNAMICBASE /NXCOMPAT /IMPLIB:"D:\ARDrone_SDK\ARDrone_SDK\Examples\Win32\VCProjects\ARDrone\Debug\ARDroneDLL.lib" /MACHINE:X86 /DLL Debug\ARDroneDLL.dll.embed.manifest.res
         Debug\ardrone_tool_win32.obj
         Debug\custom_code.obj
         Debug\directx_rendering.obj
         Debug\gamepad.obj
         Debug\navdata.obj
         Debug\video_stage.obj
         D:\ARDrone_SDK\ARDrone_SDK\Examples\Win32\VCProjects\ARDrone\Debug\ArDroneAPI.lib
       Manifest:
         C:\Program Files\Microsoft SDKs\Windows\v7.0A\bin\mt.exe /nologo /verbose /out:"Debug\ARDroneDLL.dll.embed.manifest" /manifest Debug\ARDroneDLL.dll.intermediate.manifest
         All outputs are up-to-date.
       LinkEmbedManifest:
         All outputs are up-to-date.
         Win32Client.vcxproj -> D:\ARDrone_SDK\ARDrone_SDK\Examples\Win32\VCProjects\ARDrone\Debug\ARDroneDLL.dll
       FinalizeBuildStatus:
         Deleting file "Debug\ARDroneDLL.unsuccessfulbuild".
         Touching "Debug\ARDroneDLL.lastbuildstate".
     1>Done Building Project "D:\ARDrone_SDK\ARDrone_SDK\Examples\Win32\VCProjects\ARDrone\Win32Client\Win32Client.vcxproj" (build target(s)).

Build succeeded.

Time Elapsed 00:00:02.29
